  main.cpp
  ofApp.cpp
C:\Users\Chris\Documents\Shader Course\of_v0.10.0_vs2017_release\of_v0.10.0_vs2017_release\libs\openFrameworks\math\ofMatrix4x4.h(326,1): warning C4267: 'argument': conversion from 'size_t' to 'int', possible loss of data (compiling source file src\ofApp.cpp)
C:\Users\Chris\Documents\Shader Course\of_v0.10.0_vs2017_release\of_v0.10.0_vs2017_release\libs\openFrameworks\math\ofMatrix4x4.h(326,1): warning C4267: 'argument': conversion from 'size_t' to 'int', possible loss of data (compiling source file src\main.cpp)
C:\Users\Chris\Documents\Shader Course\of_v0.10.0_vs2017_release\of_v0.10.0_vs2017_release\libs\openFrameworks\math\ofMatrix4x4.h(331,1): warning C4267: 'argument': conversion from 'size_t' to 'int', possible loss of data (compiling source file src\ofApp.cpp)
C:\Users\Chris\Documents\Shader Course\of_v0.10.0_vs2017_release\of_v0.10.0_vs2017_release\libs\openFrameworks\math\ofMatrix4x4.h(331,1): warning C4267: 'argument': conversion from 'size_t' to 'int', possible loss of data (compiling source file src\main.cpp)
C:\Users\Chris\Documents\Shader Course\of_v0.10.0_vs2017_release\of_v0.10.0_vs2017_release\libs\openFrameworks\math\ofMatrix4x4.h(912,12): warning C4267: 'argument': conversion from 'size_t' to 'int', possible loss of data (compiling source file src\ofApp.cpp)
C:\Users\Chris\Documents\Shader Course\of_v0.10.0_vs2017_release\of_v0.10.0_vs2017_release\libs\openFrameworks\math\ofMatrix4x4.h(913,12): warning C4267: 'argument': conversion from 'size_t' to 'int', possible loss of data (compiling source file src\ofApp.cpp)
C:\Users\Chris\Documents\Shader Course\of_v0.10.0_vs2017_release\of_v0.10.0_vs2017_release\libs\openFrameworks\math\ofMatrix4x4.h(914,12): warning C4267: 'argument': conversion from 'size_t' to 'int', possible loss of data (compiling source file src\ofApp.cpp)
C:\Users\Chris\Documents\Shader Course\of_v0.10.0_vs2017_release\of_v0.10.0_vs2017_release\libs\openFrameworks\math\ofMatrix4x4.h(915,12): warning C4267: 'argument': conversion from 'size_t' to 'int', possible loss of data (compiling source file src\ofApp.cpp)
C:\Users\Chris\Documents\Shader Course\of_v0.10.0_vs2017_release\of_v0.10.0_vs2017_release\libs\openFrameworks\math\ofMatrix4x4.h(912,12): warning C4267: 'argument': conversion from 'size_t' to 'int', possible loss of data (compiling source file src\main.cpp)
C:\Users\Chris\Documents\Shader Course\of_v0.10.0_vs2017_release\of_v0.10.0_vs2017_release\libs\openFrameworks\math\ofMatrix4x4.h(913,12): warning C4267: 'argument': conversion from 'size_t' to 'int', possible loss of data (compiling source file src\main.cpp)
C:\Users\Chris\Documents\Shader Course\of_v0.10.0_vs2017_release\of_v0.10.0_vs2017_release\libs\openFrameworks\math\ofMatrix4x4.h(914,12): warning C4267: 'argument': conversion from 'size_t' to 'int', possible loss of data (compiling source file src\main.cpp)
C:\Users\Chris\Documents\Shader Course\of_v0.10.0_vs2017_release\of_v0.10.0_vs2017_release\libs\openFrameworks\math\ofMatrix4x4.h(915,12): warning C4267: 'argument': conversion from 'size_t' to 'int', possible loss of data (compiling source file src\main.cpp)
     Creating library bin\smallShaderProject_debug.lib and object bin\smallShaderProject_debug.exp
  smallShaderProject.vcxproj -> C:\Users\Chris\Documents\Shader Course\of_v0.10.0_vs2017_release\of_v0.10.0_vs2017_release\apps\myApps\smallShaderProject\bin\smallShaderProject_debug.exe
  
  	                   2	C:\Users\Chris\Documents\Shader Course\of_v0.10.0_vs2017_release\of_v0.10.0_vs2017_release\libs\fmodex\lib\vs\x64\
  	    New File  		 1503232	C:\Users\Chris\Documents\Shader Course\of_v0.10.0_vs2017_release\of_v0.10.0_vs2017_release\libs\fmodex\lib\vs\x64\fmodex64.dll
  	    New File  		 1552384	C:\Users\Chris\Documents\Shader Course\of_v0.10.0_vs2017_release\of_v0.10.0_vs2017_release\libs\fmodex\lib\vs\x64\fmodexL64.dll
  
  	                   1	C:\Users\Chris\Documents\Shader Course\of_v0.10.0_vs2017_release\of_v0.10.0_vs2017_release\libs\FreeImage\lib\vs\x64\
  	  *EXTRA File 		 1503232	C:\Users\Chris\Documents\Shader Course\of_v0.10.0_vs2017_release\of_v0.10.0_vs2017_release\apps\myApps\smallShaderProject\bin\fmodex64.dll
  	  *EXTRA File 		 1552384	C:\Users\Chris\Documents\Shader Course\of_v0.10.0_vs2017_release\of_v0.10.0_vs2017_release\apps\myApps\smallShaderProject\bin\fmodexL64.dll
  	    New File  		 6402560	C:\Users\Chris\Documents\Shader Course\of_v0.10.0_vs2017_release\of_v0.10.0_vs2017_release\libs\FreeImage\lib\vs\x64\FreeImage.dll
